<?xml version="1.0" encoding="UTF-8"?>
<!-- Generated by org.testng.reporters.JUnitXMLReporter -->
<testsuite ignored="2" hostname="Koushik" failures="1" tests="3" name="Test" time="11.264" errors="0" timestamp="2025-11-21T22:25:19 IST">
  <testcase classname="seleniumStart.TestNgDemo" name="selectEx" time="2.466">
    <skipped/>
  </testcase> <!-- selectEx -->
  <testcase classname="seleniumStart.TestNgDemo" name="selectEx" time="1.336">
    <skipped/>
  </testcase> <!-- selectEx -->
  <testcase classname="seleniumStart.TestNgDemo" name="selectEx" time="1.28">
    <failure type="java.lang.AssertionError" message="expected [true] but found [false]">
      <![CDATA[java.lang.AssertionError: expected [true] but found [false]
at seleniumStart.TestNgDemo.selectEx(TestNgDemo.java:59)
at java.base/java.util.ArrayList.forEach(ArrayList.java:1596)
at java.base/java.util.concurrent.FutureTask.run(FutureTask.java:317)
at java.base/java.util.concurrent.ThreadPoolExecutor.runWorker(ThreadPoolExecutor.java:1144)
at java.base/java.util.concurrent.ThreadPoolExecutor$Worker.run(ThreadPoolExecutor.java:642)
at java.base/java.lang.Thread.run(Thread.java:1583)
... Removed 22 stack frames]]>
    </failure>
  </testcase> <!-- selectEx -->
  <testcase classname="seleniumStart.TestNgDemo" name="alertEx" time="0.0">
    <ignored/>
  </testcase> <!-- alertEx -->
  <testcase classname="seleniumStart.TestNgDemo" name="navigationEx" time="0.0">
    <ignored/>
  </testcase> <!-- navigationEx -->
</testsuite> <!-- Test -->
