<?xml version="1.0" encoding="UTF-8"?>
<!-- Generated by org.testng.reporters.JUnitXMLReporter -->
<testsuite ignored="1" hostname="Koushik" failures="1" tests="4" name="Test" time="10.011" errors="0" timestamp="2025-11-24T22:16:29 IST">
  <testcase classname="seleniumStart.TestNgDemo" name="selectEx" time="1.24">
    <skipped/>
  </testcase> <!-- selectEx -->
  <testcase classname="seleniumStart.TestNgDemo" name="selectEx" time="1.301">
    <skipped/>
  </testcase> <!-- selectEx -->
  <testcase classname="seleniumStart.TestNgDemo" name="selectEx" time="1.203">
    <failure type="java.lang.AssertionError" message="expected [true] but found [false]">
      <![CDATA[java.lang.AssertionError: expected [true] but found [false]
at seleniumStart.TestNgDemo.selectEx(TestNgDemo.java:94)
at java.base/java.util.ArrayList.forEach(ArrayList.java:1596)
... Removed 32 stack frames]]>
    </failure>
  </testcase> <!-- selectEx -->
  <testcase classname="seleniumStart.TestNgDemo" name="alertEx" time="1.109"/>
  <testcase classname="seleniumStart.TestNgDemo" name="navigationEx" time="0.0">
    <ignored/>
  </testcase> <!-- navigationEx -->
</testsuite> <!-- Test -->
