<?xml version="1.0" encoding="UTF-8"?>
<!-- Generated by org.testng.reporters.JUnitXMLReporter -->
<testsuite ignored="2" hostname="Koushik" failures="0" tests="1" name="Test" time="4.57" errors="0" timestamp="2025-11-20T22:48:48 IST">
  <testcase classname="seleniumStart.TestNgDemo" name="alertEx" time="2.735"/>
  <testcase classname="seleniumStart.TestNgDemo" name="selectEx" time="0.0">
    <ignored/>
  </testcase> <!-- selectEx -->
  <testcase classname="seleniumStart.TestNgDemo" name="navigationEx" time="0.0">
    <ignored/>
  </testcase> <!-- navigationEx -->
</testsuite> <!-- Test -->
