<?xml version="1.0" encoding="UTF-8"?>
<testng-results retried="2" ignored="3" total="7" passed="1" failed="1" skipped="0">
  <reporter-output>
  </reporter-output>
  <suite started-at="2025-11-21T22:25:07 IST" name="Suite" finished-at="2025-11-21T22:25:19 IST" duration-ms="11264">
    <groups>
      <group name="sanity">
        <method signature="TestNgDemo2.dragndrop()[pri:1, instance:seleniumStart.TestNgDemo2@7d0b7e3c]" name="dragndrop" class="seleniumStart.TestNgDemo2"/>
        <method signature="TestNgDemo.selectEx(java.lang.String,java.lang.String)[pri:1, instance:seleniumStart.TestNgDemo@52f27fbd]" name="selectEx" class="seleniumStart.TestNgDemo"/>
      </group> <!-- sanity -->
    </groups>
    <test started-at="2025-11-21T22:25:07 IST" name="Test2" finished-at="2025-11-21T22:25:15 IST" duration-ms="7790">
      <class name="seleniumStart.TestNgDemo2">
        <test-method is-config="true" signature="launch()[pri:0, instance:seleniumStart.TestNgDemo2@7d0b7e3c]" started-at="2025-11-21T22:25:07 IST" name="launch" finished-at="2025-11-21T22:25:10 IST" duration-ms="2235" status="PASS">
          <reporter-output>
          </reporter-output>
        </test-method> <!-- launch -->
        <test-method signature="dragndrop()[pri:1, instance:seleniumStart.TestNgDemo2@7d0b7e3c]" started-at="2025-11-21T22:25:10 IST" name="dragndrop" finished-at="2025-11-21T22:25:14 IST" duration-ms="4513" status="PASS">
          <reporter-output>
          </reporter-output>
        </test-method> <!-- dragndrop -->
        <test-method is-config="true" signature="terminate()[pri:0, instance:seleniumStart.TestNgDemo2@7d0b7e3c]" started-at="2025-11-21T22:25:14 IST" name="terminate" finished-at="2025-11-21T22:25:15 IST" duration-ms="944" status="PASS">
          <reporter-output>
          </reporter-output>
        </test-method> <!-- terminate -->
      </class> <!-- seleniumStart.TestNgDemo2 -->
    </test> <!-- Test2 -->
    <test started-at="2025-11-21T22:25:07 IST" name="Test" finished-at="2025-11-21T22:25:19 IST" duration-ms="11264">
      <class name="seleniumStart.TestNgDemo">
        <test-method is-config="true" signature="launch()[pri:0, instance:seleniumStart.TestNgDemo@52f27fbd]" started-at="2025-11-21T22:25:07 IST" name="launch" finished-at="2025-11-21T22:25:10 IST" duration-ms="2194" status="PASS">
          <reporter-output>
          </reporter-output>
        </test-method> <!-- launch -->
        <test-method retried="true" signature="selectEx(java.lang.String,java.lang.String)[pri:1, instance:seleniumStart.TestNgDemo@52f27fbd]" started-at="2025-11-21T22:25:10 IST" name="selectEx" finished-at="2025-11-21T22:25:12 IST" duration-ms="2466" status="SKIP">
          <params>
            <param index="0">
              <value>
                <![CDATA[option3]]>
              </value>
            </param>
            <param index="1">
              <value>
                <![CDATA[Option1]]>
              </value>
            </param>
          </params>
          <exception class="java.lang.AssertionError">
            <message>
              <![CDATA[expected [true] but found [false]]]>
            </message>
            <full-stacktrace>
              <![CDATA[java.lang.AssertionError: expected [true] but found [false]
at org.testng.Assert.fail(Assert.java:111)
at org.testng.Assert.failNotEquals(Assert.java:1590)
at org.testng.Assert.assertEqualsImpl(Assert.java:150)
at org.testng.Assert.assertEquals(Assert.java:132)
at org.testng.Assert.assertEquals(Assert.java:1079)
at org.testng.Assert.assertEquals(Assert.java:1043)
at org.testng.Assert.assertEquals(Assert.java:1089)
at seleniumStart.TestNgDemo.selectEx(TestNgDemo.java:59)
at java.base/jdk.internal.reflect.DirectMethodHandleAccessor.invoke(DirectMethodHandleAccessor.java:103)
at java.base/java.lang.reflect.Method.invoke(Method.java:580)
at org.testng.internal.invokers.MethodInvocationHelper.invokeMethod(MethodInvocationHelper.java:141)
at org.testng.internal.invokers.TestInvoker.invokeMethod(TestInvoker.java:687)
at org.testng.internal.invokers.TestInvoker.invokeTestMethod(TestInvoker.java:230)
at org.testng.internal.invokers.MethodRunner.runInSequence(MethodRunner.java:63)
at org.testng.internal.invokers.TestInvoker$MethodInvocationAgent.invoke(TestInvoker.java:995)
at org.testng.internal.invokers.TestInvoker.invokeTestMethods(TestInvoker.java:203)
at org.testng.internal.invokers.TestMethodWorker.invokeTestMethods(TestMethodWorker.java:154)
at org.testng.internal.invokers.TestMethodWorker.run(TestMethodWorker.java:134)
at java.base/java.util.ArrayList.forEach(ArrayList.java:1596)
at org.testng.TestRunner.privateRun(TestRunner.java:741)
at org.testng.TestRunner.run(TestRunner.java:616)
at org.testng.SuiteRunner.runTest(SuiteRunner.java:421)
at org.testng.SuiteRunner$SuiteWorker.run(SuiteRunner.java:463)
at org.testng.internal.thread.ThreadUtil.lambda$execute$0(ThreadUtil.java:64)
at java.base/java.util.concurrent.FutureTask.run(FutureTask.java:317)
at java.base/java.util.concurrent.ThreadPoolExecutor.runWorker(ThreadPoolExecutor.java:1144)
at java.base/java.util.concurrent.ThreadPoolExecutor$Worker.run(ThreadPoolExecutor.java:642)
at java.base/java.lang.Thread.run(Thread.java:1583)
]]>
            </full-stacktrace>
          </exception> <!-- java.lang.AssertionError -->
          <reporter-output>
          </reporter-output>
        </test-method> <!-- selectEx -->
        <test-method is-config="true" signature="terminate()[pri:0, instance:seleniumStart.TestNgDemo@52f27fbd]" started-at="2025-11-21T22:25:12 IST" name="terminate" finished-at="2025-11-21T22:25:13 IST" duration-ms="903" status="PASS">
          <reporter-output>
          </reporter-output>
        </test-method> <!-- terminate -->
        <test-method is-config="true" signature="launch()[pri:0, instance:seleniumStart.TestNgDemo@52f27fbd]" started-at="2025-11-21T22:25:13 IST" name="launch" finished-at="2025-11-21T22:25:15 IST" duration-ms="1746" status="PASS">
          <reporter-output>
          </reporter-output>
        </test-method> <!-- launch -->
        <test-method retried="true" signature="selectEx(java.lang.String,java.lang.String)[pri:1, instance:seleniumStart.TestNgDemo@52f27fbd]" started-at="2025-11-21T22:25:15 IST" name="selectEx" finished-at="2025-11-21T22:25:16 IST" duration-ms="1336" status="SKIP">
          <params>
            <param index="0">
              <value>
                <![CDATA[option3]]>
              </value>
            </param>
            <param index="1">
              <value>
                <![CDATA[Option1]]>
              </value>
            </param>
          </params>
          <exception class="java.lang.AssertionError">
            <message>
              <![CDATA[expected [true] but found [false]]]>
            </message>
            <full-stacktrace>
              <![CDATA[java.lang.AssertionError: expected [true] but found [false]
at org.testng.Assert.fail(Assert.java:111)
at org.testng.Assert.failNotEquals(Assert.java:1590)
at org.testng.Assert.assertEqualsImpl(Assert.java:150)
at org.testng.Assert.assertEquals(Assert.java:132)
at org.testng.Assert.assertEquals(Assert.java:1079)
at org.testng.Assert.assertEquals(Assert.java:1043)
at org.testng.Assert.assertEquals(Assert.java:1089)
at seleniumStart.TestNgDemo.selectEx(TestNgDemo.java:59)
at java.base/jdk.internal.reflect.DirectMethodHandleAccessor.invoke(DirectMethodHandleAccessor.java:103)
at java.base/java.lang.reflect.Method.invoke(Method.java:580)
at org.testng.internal.invokers.MethodInvocationHelper.invokeMethod(MethodInvocationHelper.java:141)
at org.testng.internal.invokers.TestInvoker.invokeMethod(TestInvoker.java:687)
at org.testng.internal.invokers.TestInvoker.retryFailed(TestInvoker.java:269)
at org.testng.internal.invokers.MethodRunner.runInSequence(MethodRunner.java:76)
at org.testng.internal.invokers.TestInvoker$MethodInvocationAgent.invoke(TestInvoker.java:995)
at org.testng.internal.invokers.TestInvoker.invokeTestMethods(TestInvoker.java:203)
at org.testng.internal.invokers.TestMethodWorker.invokeTestMethods(TestMethodWorker.java:154)
at org.testng.internal.invokers.TestMethodWorker.run(TestMethodWorker.java:134)
at java.base/java.util.ArrayList.forEach(ArrayList.java:1596)
at org.testng.TestRunner.privateRun(TestRunner.java:741)
at org.testng.TestRunner.run(TestRunner.java:616)
at org.testng.SuiteRunner.runTest(SuiteRunner.java:421)
at org.testng.SuiteRunner$SuiteWorker.run(SuiteRunner.java:463)
at org.testng.internal.thread.ThreadUtil.lambda$execute$0(ThreadUtil.java:64)
at java.base/java.util.concurrent.FutureTask.run(FutureTask.java:317)
at java.base/java.util.concurrent.ThreadPoolExecutor.runWorker(ThreadPoolExecutor.java:1144)
at java.base/java.util.concurrent.ThreadPoolExecutor$Worker.run(ThreadPoolExecutor.java:642)
at java.base/java.lang.Thread.run(Thread.java:1583)
]]>
            </full-stacktrace>
          </exception> <!-- java.lang.AssertionError -->
          <reporter-output>
          </reporter-output>
        </test-method> <!-- selectEx -->
        <test-method is-config="true" signature="terminate()[pri:0, instance:seleniumStart.TestNgDemo@52f27fbd]" started-at="2025-11-21T22:25:16 IST" name="terminate" finished-at="2025-11-21T22:25:16 IST" duration-ms="179" status="PASS">
          <reporter-output>
          </reporter-output>
        </test-method> <!-- terminate -->
        <test-method is-config="true" signature="launch()[pri:0, instance:seleniumStart.TestNgDemo@52f27fbd]" started-at="2025-11-21T22:25:16 IST" name="launch" finished-at="2025-11-21T22:25:17 IST" duration-ms="883" status="PASS">
          <reporter-output>
          </reporter-output>
        </test-method> <!-- launch -->
        <test-method signature="selectEx(java.lang.String,java.lang.String)[pri:1, instance:seleniumStart.TestNgDemo@52f27fbd]" started-at="2025-11-21T22:25:17 IST" name="selectEx" finished-at="2025-11-21T22:25:18 IST" duration-ms="1280" status="FAIL">
          <params>
            <param index="0">
              <value>
                <![CDATA[option3]]>
              </value>
            </param>
            <param index="1">
              <value>
                <![CDATA[Option1]]>
              </value>
            </param>
          </params>
          <exception class="java.lang.AssertionError">
            <message>
              <![CDATA[expected [true] but found [false]]]>
            </message>
            <full-stacktrace>
              <![CDATA[java.lang.AssertionError: expected [true] but found [false]
at org.testng.Assert.fail(Assert.java:111)
at org.testng.Assert.failNotEquals(Assert.java:1590)
at org.testng.Assert.assertEqualsImpl(Assert.java:150)
at org.testng.Assert.assertEquals(Assert.java:132)
at org.testng.Assert.assertEquals(Assert.java:1079)
at org.testng.Assert.assertEquals(Assert.java:1043)
at org.testng.Assert.assertEquals(Assert.java:1089)
at seleniumStart.TestNgDemo.selectEx(TestNgDemo.java:59)
at java.base/jdk.internal.reflect.DirectMethodHandleAccessor.invoke(DirectMethodHandleAccessor.java:103)
at java.base/java.lang.reflect.Method.invoke(Method.java:580)
at org.testng.internal.invokers.MethodInvocationHelper.invokeMethod(MethodInvocationHelper.java:141)
at org.testng.internal.invokers.TestInvoker.invokeMethod(TestInvoker.java:687)
at org.testng.internal.invokers.TestInvoker.retryFailed(TestInvoker.java:269)
at org.testng.internal.invokers.MethodRunner.runInSequence(MethodRunner.java:76)
at org.testng.internal.invokers.TestInvoker$MethodInvocationAgent.invoke(TestInvoker.java:995)
at org.testng.internal.invokers.TestInvoker.invokeTestMethods(TestInvoker.java:203)
at org.testng.internal.invokers.TestMethodWorker.invokeTestMethods(TestMethodWorker.java:154)
at org.testng.internal.invokers.TestMethodWorker.run(TestMethodWorker.java:134)
at java.base/java.util.ArrayList.forEach(ArrayList.java:1596)
at org.testng.TestRunner.privateRun(TestRunner.java:741)
at org.testng.TestRunner.run(TestRunner.java:616)
at org.testng.SuiteRunner.runTest(SuiteRunner.java:421)
at org.testng.SuiteRunner$SuiteWorker.run(SuiteRunner.java:463)
at org.testng.internal.thread.ThreadUtil.lambda$execute$0(ThreadUtil.java:64)
at java.base/java.util.concurrent.FutureTask.run(FutureTask.java:317)
at java.base/java.util.concurrent.ThreadPoolExecutor.runWorker(ThreadPoolExecutor.java:1144)
at java.base/java.util.concurrent.ThreadPoolExecutor$Worker.run(ThreadPoolExecutor.java:642)
at java.base/java.lang.Thread.run(Thread.java:1583)
]]>
            </full-stacktrace>
          </exception> <!-- java.lang.AssertionError -->
          <reporter-output>
          </reporter-output>
        </test-method> <!-- selectEx -->
        <test-method is-config="true" signature="terminate()[pri:0, instance:seleniumStart.TestNgDemo@52f27fbd]" started-at="2025-11-21T22:25:18 IST" name="terminate" finished-at="2025-11-21T22:25:19 IST" duration-ms="188" status="PASS">
          <reporter-output>
          </reporter-output>
        </test-method> <!-- terminate -->
      </class> <!-- seleniumStart.TestNgDemo -->
    </test> <!-- Test -->
  </suite> <!-- Suite -->
</testng-results>
