<?xml version="1.0" encoding="UTF-8"?>
<testng-results ignored="0" total="2" passed="2" failed="0" skipped="0">
  <reporter-output>
  </reporter-output>
  <suite started-at="2025-11-30T23:37:43 IST" name="Default suite" finished-at="2025-11-30T23:37:49 IST" duration-ms="5986">
    <groups>
    </groups>
    <test started-at="2025-11-30T23:37:43 IST" name="Default test" finished-at="2025-11-30T23:37:49 IST" duration-ms="5986">
      <class name="assignment.sausedemo">
        <test-method is-config="true" signature="launch()[pri:0, instance:assignment.sausedemo@402c4085]" started-at="2025-11-30T23:37:43 IST" name="launch" finished-at="2025-11-30T23:37:44 IST" duration-ms="1453" status="PASS">
          <reporter-output>
          </reporter-output>
        </test-method> <!-- launch -->
        <test-method signature="additem()[pri:0, instance:assignment.sausedemo@402c4085]" started-at="2025-11-30T23:37:44 IST" name="additem" finished-at="2025-11-30T23:37:47 IST" duration-ms="2874" status="PASS">
          <reporter-output>
          </reporter-output>
        </test-method> <!-- additem -->
        <test-method signature="additemMethod2()[pri:0, instance:assignment.sausedemo@402c4085]" started-at="2025-11-30T23:37:47 IST" name="additemMethod2" finished-at="2025-11-30T23:37:49 IST" duration-ms="1480" status="PASS">
          <reporter-output>
          </reporter-output>
        </test-method> <!-- additemMethod2 -->
        <test-method is-config="true" signature="terninate()[pri:0, instance:assignment.sausedemo@402c4085]" started-at="2025-11-30T23:37:49 IST" name="terninate" finished-at="2025-11-30T23:37:49 IST" duration-ms="132" status="PASS">
          <reporter-output>
          </reporter-output>
        </test-method> <!-- terninate -->
      </class> <!-- assignment.sausedemo -->
    </test> <!-- Default test -->
  </suite> <!-- Default suite -->
</testng-results>
