<?xml version="1.0" encoding="UTF-8"?>
<testng-results ignored="0" total="1" passed="1" failed="0" skipped="0">
  <reporter-output>
  </reporter-output>
  <suite started-at="2025-11-29T18:48:53 IST" name="Default suite" finished-at="2025-11-29T18:48:59 IST" duration-ms="5718">
    <groups>
    </groups>
    <test started-at="2025-11-29T18:48:53 IST" name="Default test" finished-at="2025-11-29T18:48:59 IST" duration-ms="5718">
      <class name="assignment.sausedemo">
        <test-method is-config="true" signature="launch()[pri:0, instance:assignment.sausedemo@4681c175]" started-at="2025-11-29T18:48:53 IST" name="launch" finished-at="2025-11-29T18:48:56 IST" duration-ms="2023" status="PASS">
          <reporter-output>
          </reporter-output>
        </test-method> <!-- launch -->
        <test-method signature="additem()[pri:0, instance:assignment.sausedemo@4681c175]" started-at="2025-11-29T18:48:56 IST" name="additem" finished-at="2025-11-29T18:48:59 IST" duration-ms="3470" status="PASS">
          <reporter-output>
          </reporter-output>
        </test-method> <!-- additem -->
        <test-method is-config="true" signature="terninate()[pri:0, instance:assignment.sausedemo@4681c175]" started-at="2025-11-29T18:48:59 IST" name="terninate" finished-at="2025-11-29T18:48:59 IST" duration-ms="188" status="PASS">
          <reporter-output>
          </reporter-output>
        </test-method> <!-- terninate -->
      </class> <!-- assignment.sausedemo -->
    </test> <!-- Default test -->
  </suite> <!-- Default suite -->
</testng-results>
