<?xml version="1.0" encoding="UTF-8"?>
<!-- Generated by org.testng.reporters.JUnitReportReporter -->
<testsuite hostname="Koushik" failures="0" tests="2" name="seleniumStart.TestNgDemo" time="4.497" errors="0" timestamp="2025-11-20T22:48:48 IST" skipped="1">
  <testcase classname="seleniumStart.TestNgDemo" name="alertEx" time="4.497"/>
  <testcase classname="seleniumStart.TestNgDemo" name="navigationEx">
    <skipped/>
  </testcase> <!-- navigationEx -->
</testsuite> <!-- seleniumStart.TestNgDemo -->
